[16:46:09][INFO ][ContextLoader.java:270]: - Root WebApplicationContext: initialization started
[16:46:09][INFO ][AbstractApplicationContext.java:589]: - Refreshing Root WebApplicationContext: startup date [Wed May 29 16:46:09 KST 2019]; root of context hierarchy
[16:46:09][INFO ][XmlBeanDefinitionReader.java:316]: - Loading XML bean definitions from class path resource [root-context.xml]
[16:46:11][INFO ][XmlBeanDefinitionReader.java:316]: - Loading XML bean definitions from ServletContext resource [/WEB-INF/spring/appServlet/spring-security.xml]
[16:46:14][INFO ][ContextLoader.java:310]: - Root WebApplicationContext: initialization completed in 5755 ms
[16:46:14][INFO ][FrameworkServlet.java:494]: - FrameworkServlet 'appServlet': initialization started
[16:46:15][INFO ][AbstractApplicationContext.java:589]: - Refreshing WebApplicationContext for namespace 'appServlet-servlet': startup date [Wed May 29 16:46:15 KST 2019]; parent: Root WebApplicationContext
[16:46:15][INFO ][XmlBeanDefinitionReader.java:316]: - Loading XML bean definitions from ServletContext resource [/WEB-INF/spring/appServlet/servlet-context.xml]
[16:46:16][INFO ][AutowiredAnnotationBeanPostProcessor.java:154]: - JSR-330 'javax.inject.Inject' annotation found and supported for autowiring
[16:46:18][INFO ][AbstractHandlerMethodMapping.java:548]: - Mapped "{[/qnalist.do]}" onto public java.lang.String com.travelmaker.stravel.calendar.controller.CalendarController.moveFaqListPage()
[16:46:18][INFO ][AbstractHandlerMethodMapping.java:548]: - Mapped "{[/faqlist1.do]}" onto public java.lang.String com.travelmaker.stravel.calendar.controller.CalendarController.moveQnaList1Page()
[16:46:18][INFO ][AbstractHandlerMethodMapping.java:548]: - Mapped "{[/adminMain.do]}" onto public java.lang.String com.travelmaker.stravel.calendar.controller.CalendarController.moveTest()
[16:46:18][INFO ][AbstractHandlerMethodMapping.java:548]: - Mapped "{[/test2.do]}" onto public java.lang.String com.travelmaker.stravel.calendar.controller.CalendarController.moveTest2()
[16:46:18][INFO ][AbstractHandlerMethodMapping.java:548]: - Mapped "{[/faqlist2.do]}" onto public java.lang.String com.travelmaker.stravel.calendar.controller.CalendarController.moveQnaList2Page()
[16:46:18][INFO ][AbstractHandlerMethodMapping.java:548]: - Mapped "{[/faqlist3.do]}" onto public java.lang.String com.travelmaker.stravel.calendar.controller.CalendarController.moveQnaList3Page()
[16:46:18][INFO ][AbstractHandlerMethodMapping.java:548]: - Mapped "{[/mycalendar.do]}" onto public java.lang.String com.travelmaker.stravel.calendar.controller.CalendarController.movemyCalendarPage()
[16:46:18][INFO ][AbstractHandlerMethodMapping.java:548]: - Mapped "{[/scalendar.do]}" onto public java.lang.String com.travelmaker.stravel.calendar.controller.CalendarController.movesCalendarPage()
[16:46:18][INFO ][AbstractHandlerMethodMapping.java:548]: - Mapped "{[/searchcalendar.do]}" onto public java.lang.String com.travelmaker.stravel.calendar.controller.CalendarController.moveSearchCalendarPage()
[16:46:18][INFO ][AbstractHandlerMethodMapping.java:548]: - Mapped "{[/upcalendar.do]}" onto public java.lang.String com.travelmaker.stravel.calendar.controller.CalendarController.moveUpCalendarPage()
[16:46:18][INFO ][AbstractHandlerMethodMapping.java:548]: - Mapped "{[/searchlodgment.do]}" onto public java.lang.String com.travelmaker.stravel.calendar.controller.CalendarController.moveSearchLodgmentPage()
[16:46:18][INFO ][AbstractHandlerMethodMapping.java:548]: - Mapped "{[/vcalendar.do]}" onto public java.lang.String com.travelmaker.stravel.calendar.controller.CalendarController.moveViewCalendarPage()
[16:46:18][INFO ][AbstractHandlerMethodMapping.java:548]: - Mapped "{[/compdetail.do]}" onto public org.springframework.web.servlet.ModelAndView com.travelmaker.stravel.companion.controller.CompanionController.selectCompanion(org.springframework.web.servlet.ModelAndView,int)
[16:46:18][INFO ][AbstractHandlerMethodMapping.java:548]: - Mapped "{[/compwrite.do]}" onto public java.lang.String com.travelmaker.stravel.companion.controller.CompanionController.writeCompanion()
[16:46:18][INFO ][AbstractHandlerMethodMapping.java:548]: - Mapped "{[/compinsert.do],methods=[POST]}" onto public java.lang.String com.travelmaker.stravel.companion.controller.CompanionController.insertCompanion(com.travelmaker.stravel.companion.model.vo.Companion)
[16:46:18][INFO ][AbstractHandlerMethodMapping.java:548]: - Mapped "{[/compupdate.do],methods=[POST]}" onto public java.lang.String com.travelmaker.stravel.companion.controller.CompanionController.updateCompanion(com.travelmaker.stravel.companion.model.vo.Companion)
[16:46:18][INFO ][AbstractHandlerMethodMapping.java:548]: - Mapped "{[/compdelete.do],methods=[POST]}" onto public java.lang.String com.travelmaker.stravel.companion.controller.CompanionController.deleteCompanion(int)
[16:46:18][INFO ][AbstractHandlerMethodMapping.java:548]: - Mapped "{[/comp.do]}" onto public org.springframework.web.servlet.ModelAndView com.travelmaker.stravel.companion.controller.CompanionController.selectCompanionList(org.springframework.web.servlet.ModelAndView,java.lang.Integer)
[16:46:18][INFO ][AbstractHandlerMethodMapping.java:548]: - Mapped "{[/companionReplyList.do],methods=[POST]}" onto public void com.travelmaker.stravel.companion.controller.CompanionController.companionReplyList(javax.servlet.http.HttpServletResponse,int) throws java.io.IOException
[16:46:18][INFO ][AbstractHandlerMethodMapping.java:548]: - Mapped "{[/compreplyupdate.do],methods=[POST]}" onto public java.lang.String com.travelmaker.stravel.companion.controller.CompanionController.updateCompanionReply(com.travelmaker.stravel.companion.model.vo.CompanionReply)
[16:46:18][INFO ][AbstractHandlerMethodMapping.java:548]: - Mapped "{[/compreplydelete.do],methods=[POST]}" onto public java.lang.String com.travelmaker.stravel.companion.controller.CompanionController.deleteCompanionReply(int)
[16:46:18][INFO ][AbstractHandlerMethodMapping.java:548]: - Mapped "{[/compreplyinsert.do],methods=[POST]}" onto public java.lang.String com.travelmaker.stravel.companion.controller.CompanionController.insertCompanionReply(com.travelmaker.stravel.companion.model.vo.CompanionReply)
[16:46:18][INFO ][AbstractHandlerMethodMapping.java:548]: - Mapped "{[/compRereplyinsert.do],methods=[POST]}" onto public java.lang.String com.travelmaker.stravel.companion.controller.CompanionController.insertCompanionRereply(com.travelmaker.stravel.companion.model.vo.CompanionReply)
[16:46:18][INFO ][AbstractHandlerMethodMapping.java:548]: - Mapped "{[/main.do],methods=[GET]}" onto public java.lang.String com.travelmaker.stravel.HomeController.home()
[16:46:18][INFO ][AbstractHandlerMethodMapping.java:548]: - Mapped "{[/pay2.do]}" onto public java.lang.String com.travelmaker.stravel.payment.controller.PaymentController.PaymentView2()
[16:46:18][INFO ][AbstractHandlerMethodMapping.java:548]: - Mapped "{[/pay1.do]}" onto public java.lang.String com.travelmaker.stravel.payment.controller.PaymentController.PaymentView1()
[16:46:18][INFO ][AbstractHandlerMethodMapping.java:548]: - Mapped "{[/pay3.do]}" onto public java.lang.String com.travelmaker.stravel.payment.controller.PaymentController.PaymentView3()
[16:46:18][INFO ][AbstractHandlerMethodMapping.java:548]: - Mapped "{[/test.do]}" onto public java.lang.String com.travelmaker.stravel.payment.controller.PaymentController.testPay()
[16:46:18][INFO ][AbstractHandlerMethodMapping.java:548]: - Mapped "{[/paylist.do]}" onto public java.lang.String com.travelmaker.stravel.payment.controller.PaymentController.payList()
[16:46:18][INFO ][AbstractHandlerMethodMapping.java:548]: - Mapped "{[/restaurantdetail.do]}" onto public org.springframework.web.servlet.ModelAndView com.travelmaker.stravel.restaurant.controller.RestaurantController.restaurantDetail(org.springframework.web.servlet.ModelAndView,int)
[16:46:18][INFO ][AbstractHandlerMethodMapping.java:548]: - Mapped "{[/insertrestaurant.do],methods=[POST]}" onto public java.lang.String com.travelmaker.stravel.restaurant.controller.RestaurantController.insertRestaurant(com.travelmaker.stravel.restaurant.model.vo.Restaurant,org.springframework.web.multipart.MultipartHttpServletRequest,javax.servlet.http.HttpServletRequest)
[16:46:18][INFO ][AbstractHandlerMethodMapping.java:548]: - Mapped "{[/restaurantlist.do]}" onto public org.springframework.web.servlet.ModelAndView com.travelmaker.stravel.restaurant.controller.RestaurantController.moveRestaurantList(org.springframework.web.servlet.ModelAndView)
[16:46:18][INFO ][AbstractHandlerMethodMapping.java:548]: - Mapped "{[/insertres.do]}" onto public org.springframework.web.servlet.ModelAndView com.travelmaker.stravel.restaurant.controller.RestaurantController.moveInsertRestaurant(org.springframework.web.servlet.ModelAndView)
[16:46:18][INFO ][AbstractHandlerMethodMapping.java:548]: - Mapped "{[/roomDetail.do]}" onto public java.lang.String com.travelmaker.stravel.room.controller.RoomController.roomDetailView()
[16:46:18][INFO ][AbstractHandlerMethodMapping.java:548]: - Mapped "{[/insertRoom.do]}" onto public java.lang.String com.travelmaker.stravel.room.controller.RoomController.inserRoom()
[16:46:18][INFO ][AbstractHandlerMethodMapping.java:548]: - Mapped "{[/updateRoom.do]}" onto public java.lang.String com.travelmaker.stravel.room.controller.RoomController.updateRoom()
[16:46:18][INFO ][AbstractHandlerMethodMapping.java:548]: - Mapped "{[/oh.do]}" onto public java.lang.String com.travelmaker.stravel.room.controller.RoomController.ohWorkList()
[16:46:18][INFO ][AbstractHandlerMethodMapping.java:548]: - Mapped "{[/ownerMain.do]}" onto public java.lang.String com.travelmaker.stravel.room.controller.RoomController.ownerMain()
[16:46:18][INFO ][AbstractHandlerMethodMapping.java:548]: - Mapped "{[/orderList.do]}" onto public java.lang.String com.travelmaker.stravel.room.controller.RoomController.orderList()
[16:46:18][INFO ][AbstractHandlerMethodMapping.java:548]: - Mapped "{[/updateOwner.do]}" onto public java.lang.String com.travelmaker.stravel.room.controller.RoomController.updateOwner()
[16:46:18][INFO ][AbstractHandlerMethodMapping.java:548]: - Mapped "{[/sampMap.do]}" onto public java.lang.String com.travelmaker.stravel.touristsopt.controller.TouristspotController.moveSampMap()
[16:46:18][INFO ][AbstractHandlerMethodMapping.java:548]: - Mapped "{[/sampMap2.do]}" onto public java.lang.String com.travelmaker.stravel.touristsopt.controller.TouristspotController.moveSampMap2()
[16:46:18][INFO ][AbstractHandlerMethodMapping.java:548]: - Mapped "{[/touristspot.do]}" onto public java.lang.String com.travelmaker.stravel.touristsopt.controller.TouristspotController.moveTouristspotMain()
[16:46:18][INFO ][AbstractHandlerMethodMapping.java:548]: - Mapped "{[/moveTSAdmin.do]}" onto public java.lang.String com.travelmaker.stravel.touristsopt.controller.TouristspotController.moveTouristspotAdminMain()
[16:46:18][INFO ][AbstractHandlerMethodMapping.java:548]: - Mapped "{[/TSWriter.do]}" onto public org.springframework.web.servlet.ModelAndView com.travelmaker.stravel.touristsopt.controller.TouristspotController.moveTouristspotAdminWriter(org.springframework.web.servlet.ModelAndView)
[16:46:18][INFO ][AbstractHandlerMethodMapping.java:548]: - Mapped "{[/TSWriterUpload.do],methods=[POST]}" onto public java.lang.String com.travelmaker.stravel.touristsopt.controller.TouristspotController.insertTouristspot(com.travelmaker.stravel.touristsopt.model.vo.TouristspotVo,org.springframework.web.multipart.MultipartHttpServletRequest,javax.servlet.http.HttpServletRequest)
[16:46:18][INFO ][AbstractHandlerMethodMapping.java:548]: - Mapped "{[/tripboard.do]}" onto public org.springframework.web.servlet.ModelAndView com.travelmaker.stravel.tripBoard.controller.MyTripBoardController.moveTripList(org.springframework.web.servlet.ModelAndView)
[16:46:18][INFO ][AbstractHandlerMethodMapping.java:548]: - Mapped "{[/writetrip.do]}" onto public java.lang.String com.travelmaker.stravel.tripBoard.controller.MyTripBoardController.moveWriteTrip()
[16:46:18][INFO ][AbstractHandlerMethodMapping.java:548]: - Mapped "{[/tripboarddetail.do]}" onto public org.springframework.web.servlet.ModelAndView com.travelmaker.stravel.tripBoard.controller.MyTripBoardController.moveTripBoardDetail(org.springframework.web.servlet.ModelAndView,int)
[16:46:20][INFO ][RequestMappingHandlerAdapter.java:567]: - Looking for @ControllerAdvice: WebApplicationContext for namespace 'appServlet-servlet': startup date [Wed May 29 16:46:15 KST 2019]; parent: Root WebApplicationContext
[16:46:20][INFO ][RequestMappingHandlerAdapter.java:567]: - Looking for @ControllerAdvice: WebApplicationContext for namespace 'appServlet-servlet': startup date [Wed May 29 16:46:15 KST 2019]; parent: Root WebApplicationContext
[16:46:21][INFO ][AbstractUrlHandlerMapping.java:373]: - Mapped URL path [/resources/**] onto handler 'org.springframework.web.servlet.resource.ResourceHttpRequestHandler#0'
[16:46:22][INFO ][FrameworkServlet.java:513]: - FrameworkServlet 'appServlet': initialization completed in 7776 ms
[16:46:27][INFO ][HomeController.java:22]: - Welcome home!
[16:46:31][INFO ][CompanionController.java:45]: - 동행찾기 리스트
[16:46:35][INFO ][CompanionController.java:85]: - 동행찾기 글 상세보기
[16:49:05][INFO ][AbstractApplicationContext.java:989]: - Closing WebApplicationContext for namespace 'appServlet-servlet': startup date [Wed May 29 16:46:15 KST 2019]; parent: Root WebApplicationContext
[16:49:05][INFO ][AbstractApplicationContext.java:989]: - Closing Root WebApplicationContext: startup date [Wed May 29 16:46:09 KST 2019]; root of context hierarchy
[16:49:48][INFO ][ContextLoader.java:270]: - Root WebApplicationContext: initialization started
[16:49:48][INFO ][AbstractApplicationContext.java:589]: - Refreshing Root WebApplicationContext: startup date [Wed May 29 16:49:48 KST 2019]; root of context hierarchy
[16:49:49][INFO ][XmlBeanDefinitionReader.java:316]: - Loading XML bean definitions from class path resource [root-context.xml]
[16:49:51][INFO ][XmlBeanDefinitionReader.java:316]: - Loading XML bean definitions from ServletContext resource [/WEB-INF/spring/appServlet/spring-security.xml]
[16:49:54][INFO ][ContextLoader.java:310]: - Root WebApplicationContext: initialization completed in 5658 ms
[16:49:54][INFO ][FrameworkServlet.java:494]: - FrameworkServlet 'appServlet': initialization started
[16:49:54][INFO ][AbstractApplicationContext.java:589]: - Refreshing WebApplicationContext for namespace 'appServlet-servlet': startup date [Wed May 29 16:49:54 KST 2019]; parent: Root WebApplicationContext
[16:49:54][INFO ][XmlBeanDefinitionReader.java:316]: - Loading XML bean definitions from ServletContext resource [/WEB-INF/spring/appServlet/servlet-context.xml]
[16:49:56][INFO ][AutowiredAnnotationBeanPostProcessor.java:154]: - JSR-330 'javax.inject.Inject' annotation found and supported for autowiring
[16:49:57][INFO ][AbstractHandlerMethodMapping.java:548]: - Mapped "{[/mycalendar.do]}" onto public java.lang.String com.travelmaker.stravel.calendar.controller.CalendarController.movemyCalendarPage()
[16:49:57][INFO ][AbstractHandlerMethodMapping.java:548]: - Mapped "{[/scalendar.do]}" onto public java.lang.String com.travelmaker.stravel.calendar.controller.CalendarController.movesCalendarPage()
[16:49:57][INFO ][AbstractHandlerMethodMapping.java:548]: - Mapped "{[/searchcalendar.do]}" onto public java.lang.String com.travelmaker.stravel.calendar.controller.CalendarController.moveSearchCalendarPage()
[16:49:57][INFO ][AbstractHandlerMethodMapping.java:548]: - Mapped "{[/upcalendar.do]}" onto public java.lang.String com.travelmaker.stravel.calendar.controller.CalendarController.moveUpCalendarPage()
[16:49:57][INFO ][AbstractHandlerMethodMapping.java:548]: - Mapped "{[/searchlodgment.do]}" onto public java.lang.String com.travelmaker.stravel.calendar.controller.CalendarController.moveSearchLodgmentPage()
[16:49:57][INFO ][AbstractHandlerMethodMapping.java:548]: - Mapped "{[/vcalendar.do]}" onto public java.lang.String com.travelmaker.stravel.calendar.controller.CalendarController.moveViewCalendarPage()
[16:49:57][INFO ][AbstractHandlerMethodMapping.java:548]: - Mapped "{[/qnalist.do]}" onto public java.lang.String com.travelmaker.stravel.calendar.controller.CalendarController.moveFaqListPage()
[16:49:57][INFO ][AbstractHandlerMethodMapping.java:548]: - Mapped "{[/faqlist1.do]}" onto public java.lang.String com.travelmaker.stravel.calendar.controller.CalendarController.moveQnaList1Page()
[16:49:57][INFO ][AbstractHandlerMethodMapping.java:548]: - Mapped "{[/adminMain.do]}" onto public java.lang.String com.travelmaker.stravel.calendar.controller.CalendarController.moveTest()
[16:49:57][INFO ][AbstractHandlerMethodMapping.java:548]: - Mapped "{[/test2.do]}" onto public java.lang.String com.travelmaker.stravel.calendar.controller.CalendarController.moveTest2()
[16:49:57][INFO ][AbstractHandlerMethodMapping.java:548]: - Mapped "{[/faqlist2.do]}" onto public java.lang.String com.travelmaker.stravel.calendar.controller.CalendarController.moveQnaList2Page()
[16:49:57][INFO ][AbstractHandlerMethodMapping.java:548]: - Mapped "{[/faqlist3.do]}" onto public java.lang.String com.travelmaker.stravel.calendar.controller.CalendarController.moveQnaList3Page()
[16:49:57][INFO ][AbstractHandlerMethodMapping.java:548]: - Mapped "{[/comp.do]}" onto public org.springframework.web.servlet.ModelAndView com.travelmaker.stravel.companion.controller.CompanionController.selectCompanionList(org.springframework.web.servlet.ModelAndView,java.lang.Integer)
[16:49:57][INFO ][AbstractHandlerMethodMapping.java:548]: - Mapped "{[/companionReplyList.do],methods=[POST]}" onto public void com.travelmaker.stravel.companion.controller.CompanionController.companionReplyList(javax.servlet.http.HttpServletResponse,int) throws java.io.IOException
[16:49:57][INFO ][AbstractHandlerMethodMapping.java:548]: - Mapped "{[/compreplyupdate.do],methods=[POST]}" onto public java.lang.String com.travelmaker.stravel.companion.controller.CompanionController.updateCompanionReply(com.travelmaker.stravel.companion.model.vo.CompanionReply)
[16:49:57][INFO ][AbstractHandlerMethodMapping.java:548]: - Mapped "{[/compreplydelete.do],methods=[POST]}" onto public java.lang.String com.travelmaker.stravel.companion.controller.CompanionController.deleteCompanionReply(int)
[16:49:57][INFO ][AbstractHandlerMethodMapping.java:548]: - Mapped "{[/compreplyinsert.do],methods=[POST]}" onto public java.lang.String com.travelmaker.stravel.companion.controller.CompanionController.insertCompanionReply(com.travelmaker.stravel.companion.model.vo.CompanionReply)
[16:49:57][INFO ][AbstractHandlerMethodMapping.java:548]: - Mapped "{[/compRereplyinsert.do],methods=[POST]}" onto public java.lang.String com.travelmaker.stravel.companion.controller.CompanionController.insertCompanionRereply(com.travelmaker.stravel.companion.model.vo.CompanionReply)
[16:49:57][INFO ][AbstractHandlerMethodMapping.java:548]: - Mapped "{[/compdetail.do]}" onto public org.springframework.web.servlet.ModelAndView com.travelmaker.stravel.companion.controller.CompanionController.selectCompanion(org.springframework.web.servlet.ModelAndView,int)
[16:49:57][INFO ][AbstractHandlerMethodMapping.java:548]: - Mapped "{[/compwrite.do]}" onto public java.lang.String com.travelmaker.stravel.companion.controller.CompanionController.writeCompanion()
[16:49:57][INFO ][AbstractHandlerMethodMapping.java:548]: - Mapped "{[/compinsert.do],methods=[POST]}" onto public java.lang.String com.travelmaker.stravel.companion.controller.CompanionController.insertCompanion(com.travelmaker.stravel.companion.model.vo.Companion)
[16:49:57][INFO ][AbstractHandlerMethodMapping.java:548]: - Mapped "{[/compupdate.do],methods=[POST]}" onto public java.lang.String com.travelmaker.stravel.companion.controller.CompanionController.updateCompanion(com.travelmaker.stravel.companion.model.vo.Companion)
[16:49:57][INFO ][AbstractHandlerMethodMapping.java:548]: - Mapped "{[/compdelete.do],methods=[POST]}" onto public java.lang.String com.travelmaker.stravel.companion.controller.CompanionController.deleteCompanion(int)
[16:49:57][INFO ][AbstractHandlerMethodMapping.java:548]: - Mapped "{[/main.do],methods=[GET]}" onto public java.lang.String com.travelmaker.stravel.HomeController.home()
[16:49:57][INFO ][AbstractHandlerMethodMapping.java:548]: - Mapped "{[/pay2.do]}" onto public java.lang.String com.travelmaker.stravel.payment.controller.PaymentController.PaymentView2()
[16:49:57][INFO ][AbstractHandlerMethodMapping.java:548]: - Mapped "{[/pay1.do]}" onto public java.lang.String com.travelmaker.stravel.payment.controller.PaymentController.PaymentView1()
[16:49:57][INFO ][AbstractHandlerMethodMapping.java:548]: - Mapped "{[/pay3.do]}" onto public java.lang.String com.travelmaker.stravel.payment.controller.PaymentController.PaymentView3()
[16:49:57][INFO ][AbstractHandlerMethodMapping.java:548]: - Mapped "{[/test.do]}" onto public java.lang.String com.travelmaker.stravel.payment.controller.PaymentController.testPay()
[16:49:57][INFO ][AbstractHandlerMethodMapping.java:548]: - Mapped "{[/paylist.do]}" onto public java.lang.String com.travelmaker.stravel.payment.controller.PaymentController.payList()
[16:49:57][INFO ][AbstractHandlerMethodMapping.java:548]: - Mapped "{[/restaurantlist.do]}" onto public org.springframework.web.servlet.ModelAndView com.travelmaker.stravel.restaurant.controller.RestaurantController.moveRestaurantList(org.springframework.web.servlet.ModelAndView)
[16:49:57][INFO ][AbstractHandlerMethodMapping.java:548]: - Mapped "{[/insertres.do]}" onto public org.springframework.web.servlet.ModelAndView com.travelmaker.stravel.restaurant.controller.RestaurantController.moveInsertRestaurant(org.springframework.web.servlet.ModelAndView)
[16:49:57][INFO ][AbstractHandlerMethodMapping.java:548]: - Mapped "{[/restaurantdetail.do]}" onto public org.springframework.web.servlet.ModelAndView com.travelmaker.stravel.restaurant.controller.RestaurantController.restaurantDetail(org.springframework.web.servlet.ModelAndView,int)
[16:49:57][INFO ][AbstractHandlerMethodMapping.java:548]: - Mapped "{[/insertrestaurant.do],methods=[POST]}" onto public java.lang.String com.travelmaker.stravel.restaurant.controller.RestaurantController.insertRestaurant(com.travelmaker.stravel.restaurant.model.vo.Restaurant,org.springframework.web.multipart.MultipartHttpServletRequest,javax.servlet.http.HttpServletRequest)
[16:49:57][INFO ][AbstractHandlerMethodMapping.java:548]: - Mapped "{[/roomDetail.do]}" onto public java.lang.String com.travelmaker.stravel.room.controller.RoomController.roomDetailView()
[16:49:57][INFO ][AbstractHandlerMethodMapping.java:548]: - Mapped "{[/ownerMain.do]}" onto public java.lang.String com.travelmaker.stravel.room.controller.RoomController.ownerMain()
[16:49:57][INFO ][AbstractHandlerMethodMapping.java:548]: - Mapped "{[/orderList.do]}" onto public java.lang.String com.travelmaker.stravel.room.controller.RoomController.orderList()
[16:49:57][INFO ][AbstractHandlerMethodMapping.java:548]: - Mapped "{[/insertRoom.do]}" onto public java.lang.String com.travelmaker.stravel.room.controller.RoomController.inserRoom()
[16:49:57][INFO ][AbstractHandlerMethodMapping.java:548]: - Mapped "{[/updateRoom.do]}" onto public java.lang.String com.travelmaker.stravel.room.controller.RoomController.updateRoom()
[16:49:57][INFO ][AbstractHandlerMethodMapping.java:548]: - Mapped "{[/updateOwner.do]}" onto public java.lang.String com.travelmaker.stravel.room.controller.RoomController.updateOwner()
[16:49:57][INFO ][AbstractHandlerMethodMapping.java:548]: - Mapped "{[/oh.do]}" onto public java.lang.String com.travelmaker.stravel.room.controller.RoomController.ohWorkList()
[16:49:57][INFO ][AbstractHandlerMethodMapping.java:548]: - Mapped "{[/touristspot.do]}" onto public java.lang.String com.travelmaker.stravel.touristsopt.controller.TouristspotController.moveTouristspotMain()
[16:49:57][INFO ][AbstractHandlerMethodMapping.java:548]: - Mapped "{[/moveTSAdmin.do]}" onto public java.lang.String com.travelmaker.stravel.touristsopt.controller.TouristspotController.moveTouristspotAdminMain()
[16:49:57][INFO ][AbstractHandlerMethodMapping.java:548]: - Mapped "{[/TSWriter.do]}" onto public org.springframework.web.servlet.ModelAndView com.travelmaker.stravel.touristsopt.controller.TouristspotController.moveTouristspotAdminWriter(org.springframework.web.servlet.ModelAndView)
[16:49:57][INFO ][AbstractHandlerMethodMapping.java:548]: - Mapped "{[/TSWriterUpload.do],methods=[POST]}" onto public java.lang.String com.travelmaker.stravel.touristsopt.controller.TouristspotController.insertTouristspot(com.travelmaker.stravel.touristsopt.model.vo.TouristspotVo,org.springframework.web.multipart.MultipartHttpServletRequest,javax.servlet.http.HttpServletRequest)
[16:49:57][INFO ][AbstractHandlerMethodMapping.java:548]: - Mapped "{[/sampMap.do]}" onto public java.lang.String com.travelmaker.stravel.touristsopt.controller.TouristspotController.moveSampMap()
[16:49:57][INFO ][AbstractHandlerMethodMapping.java:548]: - Mapped "{[/sampMap2.do]}" onto public java.lang.String com.travelmaker.stravel.touristsopt.controller.TouristspotController.moveSampMap2()
[16:49:57][INFO ][AbstractHandlerMethodMapping.java:548]: - Mapped "{[/tripboarddetail.do]}" onto public org.springframework.web.servlet.ModelAndView com.travelmaker.stravel.tripBoard.controller.MyTripBoardController.moveTripBoardDetail(org.springframework.web.servlet.ModelAndView,int)
[16:49:57][INFO ][AbstractHandlerMethodMapping.java:548]: - Mapped "{[/tripboard.do]}" onto public org.springframework.web.servlet.ModelAndView com.travelmaker.stravel.tripBoard.controller.MyTripBoardController.moveTripList(org.springframework.web.servlet.ModelAndView)
[16:49:57][INFO ][AbstractHandlerMethodMapping.java:548]: - Mapped "{[/writetrip.do]}" onto public java.lang.String com.travelmaker.stravel.tripBoard.controller.MyTripBoardController.moveWriteTrip()
[16:49:59][INFO ][RequestMappingHandlerAdapter.java:567]: - Looking for @ControllerAdvice: WebApplicationContext for namespace 'appServlet-servlet': startup date [Wed May 29 16:49:54 KST 2019]; parent: Root WebApplicationContext
[16:50:00][INFO ][RequestMappingHandlerAdapter.java:567]: - Looking for @ControllerAdvice: WebApplicationContext for namespace 'appServlet-servlet': startup date [Wed May 29 16:49:54 KST 2019]; parent: Root WebApplicationContext
[16:50:00][INFO ][AbstractUrlHandlerMapping.java:373]: - Mapped URL path [/resources/**] onto handler 'org.springframework.web.servlet.resource.ResourceHttpRequestHandler#0'
[16:50:02][INFO ][FrameworkServlet.java:513]: - FrameworkServlet 'appServlet': initialization completed in 8023 ms
[16:51:21][INFO ][CompanionController.java:85]: - 동행찾기 글 상세보기
[16:51:38][INFO ][CompanionController.java:85]: - 동행찾기 글 상세보기
[16:51:41][INFO ][CompanionController.java:85]: - 동행찾기 글 상세보기
[16:51:43][INFO ][CompanionController.java:85]: - 동행찾기 글 상세보기
[16:51:53][INFO ][CompanionController.java:85]: - 동행찾기 글 상세보기
[16:52:36][INFO ][AbstractApplicationContext.java:989]: - Closing WebApplicationContext for namespace 'appServlet-servlet': startup date [Wed May 29 16:49:54 KST 2019]; parent: Root WebApplicationContext
[16:52:36][INFO ][AbstractApplicationContext.java:989]: - Closing Root WebApplicationContext: startup date [Wed May 29 16:49:48 KST 2019]; root of context hierarchy
[16:53:25][INFO ][ContextLoader.java:270]: - Root WebApplicationContext: initialization started
[16:53:25][INFO ][AbstractApplicationContext.java:589]: - Refreshing Root WebApplicationContext: startup date [Wed May 29 16:53:25 KST 2019]; root of context hierarchy
[16:53:25][INFO ][XmlBeanDefinitionReader.java:316]: - Loading XML bean definitions from class path resource [root-context.xml]
[16:53:27][INFO ][XmlBeanDefinitionReader.java:316]: - Loading XML bean definitions from ServletContext resource [/WEB-INF/spring/appServlet/spring-security.xml]
[16:53:30][INFO ][ContextLoader.java:310]: - Root WebApplicationContext: initialization completed in 5650 ms
[16:53:31][INFO ][FrameworkServlet.java:494]: - FrameworkServlet 'appServlet': initialization started
[16:53:31][INFO ][AbstractApplicationContext.java:589]: - Refreshing WebApplicationContext for namespace 'appServlet-servlet': startup date [Wed May 29 16:53:31 KST 2019]; parent: Root WebApplicationContext
[16:53:31][INFO ][XmlBeanDefinitionReader.java:316]: - Loading XML bean definitions from ServletContext resource [/WEB-INF/spring/appServlet/servlet-context.xml]
[16:53:32][INFO ][AutowiredAnnotationBeanPostProcessor.java:154]: - JSR-330 'javax.inject.Inject' annotation found and supported for autowiring
[16:53:34][INFO ][AbstractHandlerMethodMapping.java:548]: - Mapped "{[/faqlist3.do]}" onto public java.lang.String com.travelmaker.stravel.calendar.controller.CalendarController.moveQnaList3Page()
[16:53:34][INFO ][AbstractHandlerMethodMapping.java:548]: - Mapped "{[/qnalist.do]}" onto public java.lang.String com.travelmaker.stravel.calendar.controller.CalendarController.moveFaqListPage()
[16:53:34][INFO ][AbstractHandlerMethodMapping.java:548]: - Mapped "{[/faqlist1.do]}" onto public java.lang.String com.travelmaker.stravel.calendar.controller.CalendarController.moveQnaList1Page()
[16:53:34][INFO ][AbstractHandlerMethodMapping.java:548]: - Mapped "{[/adminMain.do]}" onto public java.lang.String com.travelmaker.stravel.calendar.controller.CalendarController.moveTest()
[16:53:34][INFO ][AbstractHandlerMethodMapping.java:548]: - Mapped "{[/test2.do]}" onto public java.lang.String com.travelmaker.stravel.calendar.controller.CalendarController.moveTest2()
[16:53:34][INFO ][AbstractHandlerMethodMapping.java:548]: - Mapped "{[/faqlist2.do]}" onto public java.lang.String com.travelmaker.stravel.calendar.controller.CalendarController.moveQnaList2Page()
[16:53:34][INFO ][AbstractHandlerMethodMapping.java:548]: - Mapped "{[/mycalendar.do]}" onto public java.lang.String com.travelmaker.stravel.calendar.controller.CalendarController.movemyCalendarPage()
[16:53:34][INFO ][AbstractHandlerMethodMapping.java:548]: - Mapped "{[/scalendar.do]}" onto public java.lang.String com.travelmaker.stravel.calendar.controller.CalendarController.movesCalendarPage()
[16:53:34][INFO ][AbstractHandlerMethodMapping.java:548]: - Mapped "{[/searchcalendar.do]}" onto public java.lang.String com.travelmaker.stravel.calendar.controller.CalendarController.moveSearchCalendarPage()
[16:53:34][INFO ][AbstractHandlerMethodMapping.java:548]: - Mapped "{[/upcalendar.do]}" onto public java.lang.String com.travelmaker.stravel.calendar.controller.CalendarController.moveUpCalendarPage()
[16:53:34][INFO ][AbstractHandlerMethodMapping.java:548]: - Mapped "{[/searchlodgment.do]}" onto public java.lang.String com.travelmaker.stravel.calendar.controller.CalendarController.moveSearchLodgmentPage()
[16:53:34][INFO ][AbstractHandlerMethodMapping.java:548]: - Mapped "{[/vcalendar.do]}" onto public java.lang.String com.travelmaker.stravel.calendar.controller.CalendarController.moveViewCalendarPage()
[16:53:34][INFO ][AbstractHandlerMethodMapping.java:548]: - Mapped "{[/compdetail.do]}" onto public org.springframework.web.servlet.ModelAndView com.travelmaker.stravel.companion.controller.CompanionController.selectCompanion(org.springframework.web.servlet.ModelAndView,int)
[16:53:34][INFO ][AbstractHandlerMethodMapping.java:548]: - Mapped "{[/compwrite.do]}" onto public java.lang.String com.travelmaker.stravel.companion.controller.CompanionController.writeCompanion()
[16:53:34][INFO ][AbstractHandlerMethodMapping.java:548]: - Mapped "{[/compinsert.do],methods=[POST]}" onto public java.lang.String com.travelmaker.stravel.companion.controller.CompanionController.insertCompanion(com.travelmaker.stravel.companion.model.vo.Companion)
[16:53:34][INFO ][AbstractHandlerMethodMapping.java:548]: - Mapped "{[/compupdate.do],methods=[POST]}" onto public java.lang.String com.travelmaker.stravel.companion.controller.CompanionController.updateCompanion(com.travelmaker.stravel.companion.model.vo.Companion)
[16:53:34][INFO ][AbstractHandlerMethodMapping.java:548]: - Mapped "{[/compdelete.do],methods=[POST]}" onto public java.lang.String com.travelmaker.stravel.companion.controller.CompanionController.deleteCompanion(int)
[16:53:34][INFO ][AbstractHandlerMethodMapping.java:548]: - Mapped "{[/comp.do]}" onto public org.springframework.web.servlet.ModelAndView com.travelmaker.stravel.companion.controller.CompanionController.selectCompanionList(org.springframework.web.servlet.ModelAndView,java.lang.Integer)
[16:53:34][INFO ][AbstractHandlerMethodMapping.java:548]: - Mapped "{[/companionReplyList.do],methods=[POST]}" onto public void com.travelmaker.stravel.companion.controller.CompanionController.companionReplyList(javax.servlet.http.HttpServletResponse,int) throws java.io.IOException
[16:53:34][INFO ][AbstractHandlerMethodMapping.java:548]: - Mapped "{[/compreplyupdate.do],methods=[POST]}" onto public java.lang.String com.travelmaker.stravel.companion.controller.CompanionController.updateCompanionReply(com.travelmaker.stravel.companion.model.vo.CompanionReply)
[16:53:34][INFO ][AbstractHandlerMethodMapping.java:548]: - Mapped "{[/compreplydelete.do],methods=[POST]}" onto public java.lang.String com.travelmaker.stravel.companion.controller.CompanionController.deleteCompanionReply(int)
[16:53:34][INFO ][AbstractHandlerMethodMapping.java:548]: - Mapped "{[/compreplyinsert.do],methods=[POST]}" onto public java.lang.String com.travelmaker.stravel.companion.controller.CompanionController.insertCompanionReply(com.travelmaker.stravel.companion.model.vo.CompanionReply)
[16:53:34][INFO ][AbstractHandlerMethodMapping.java:548]: - Mapped "{[/compRereplyinsert.do],methods=[POST]}" onto public java.lang.String com.travelmaker.stravel.companion.controller.CompanionController.insertCompanionRereply(com.travelmaker.stravel.companion.model.vo.CompanionReply)
[16:53:34][INFO ][AbstractHandlerMethodMapping.java:548]: - Mapped "{[/main.do],methods=[GET]}" onto public java.lang.String com.travelmaker.stravel.HomeController.home()
[16:53:34][INFO ][AbstractHandlerMethodMapping.java:548]: - Mapped "{[/pay2.do]}" onto public java.lang.String com.travelmaker.stravel.payment.controller.PaymentController.PaymentView2()
[16:53:34][INFO ][AbstractHandlerMethodMapping.java:548]: - Mapped "{[/pay1.do]}" onto public java.lang.String com.travelmaker.stravel.payment.controller.PaymentController.PaymentView1()
[16:53:34][INFO ][AbstractHandlerMethodMapping.java:548]: - Mapped "{[/pay3.do]}" onto public java.lang.String com.travelmaker.stravel.payment.controller.PaymentController.PaymentView3()
[16:53:34][INFO ][AbstractHandlerMethodMapping.java:548]: - Mapped "{[/test.do]}" onto public java.lang.String com.travelmaker.stravel.payment.controller.PaymentController.testPay()
[16:53:34][INFO ][AbstractHandlerMethodMapping.java:548]: - Mapped "{[/paylist.do]}" onto public java.lang.String com.travelmaker.stravel.payment.controller.PaymentController.payList()
[16:53:34][INFO ][AbstractHandlerMethodMapping.java:548]: - Mapped "{[/restaurantdetail.do]}" onto public org.springframework.web.servlet.ModelAndView com.travelmaker.stravel.restaurant.controller.RestaurantController.restaurantDetail(org.springframework.web.servlet.ModelAndView,int)
[16:53:34][INFO ][AbstractHandlerMethodMapping.java:548]: - Mapped "{[/insertrestaurant.do],methods=[POST]}" onto public java.lang.String com.travelmaker.stravel.restaurant.controller.RestaurantController.insertRestaurant(com.travelmaker.stravel.restaurant.model.vo.Restaurant,org.springframework.web.multipart.MultipartHttpServletRequest,javax.servlet.http.HttpServletRequest)
[16:53:34][INFO ][AbstractHandlerMethodMapping.java:548]: - Mapped "{[/restaurantlist.do]}" onto public org.springframework.web.servlet.ModelAndView com.travelmaker.stravel.restaurant.controller.RestaurantController.moveRestaurantList(org.springframework.web.servlet.ModelAndView)
[16:53:34][INFO ][AbstractHandlerMethodMapping.java:548]: - Mapped "{[/insertres.do]}" onto public org.springframework.web.servlet.ModelAndView com.travelmaker.stravel.restaurant.controller.RestaurantController.moveInsertRestaurant(org.springframework.web.servlet.ModelAndView)
[16:53:34][INFO ][AbstractHandlerMethodMapping.java:548]: - Mapped "{[/roomDetail.do]}" onto public java.lang.String com.travelmaker.stravel.room.controller.RoomController.roomDetailView()
[16:53:34][INFO ][AbstractHandlerMethodMapping.java:548]: - Mapped "{[/insertRoom.do]}" onto public java.lang.String com.travelmaker.stravel.room.controller.RoomController.inserRoom()
[16:53:34][INFO ][AbstractHandlerMethodMapping.java:548]: - Mapped "{[/updateRoom.do]}" onto public java.lang.String com.travelmaker.stravel.room.controller.RoomController.updateRoom()
[16:53:34][INFO ][AbstractHandlerMethodMapping.java:548]: - Mapped "{[/oh.do]}" onto public java.lang.String com.travelmaker.stravel.room.controller.RoomController.ohWorkList()
[16:53:34][INFO ][AbstractHandlerMethodMapping.java:548]: - Mapped "{[/ownerMain.do]}" onto public java.lang.String com.travelmaker.stravel.room.controller.RoomController.ownerMain()
[16:53:34][INFO ][AbstractHandlerMethodMapping.java:548]: - Mapped "{[/orderList.do]}" onto public java.lang.String com.travelmaker.stravel.room.controller.RoomController.orderList()
[16:53:34][INFO ][AbstractHandlerMethodMapping.java:548]: - Mapped "{[/updateOwner.do]}" onto public java.lang.String com.travelmaker.stravel.room.controller.RoomController.updateOwner()
[16:53:34][INFO ][AbstractHandlerMethodMapping.java:548]: - Mapped "{[/sampMap.do]}" onto public java.lang.String com.travelmaker.stravel.touristsopt.controller.TouristspotController.moveSampMap()
[16:53:34][INFO ][AbstractHandlerMethodMapping.java:548]: - Mapped "{[/sampMap2.do]}" onto public java.lang.String com.travelmaker.stravel.touristsopt.controller.TouristspotController.moveSampMap2()
[16:53:34][INFO ][AbstractHandlerMethodMapping.java:548]: - Mapped "{[/touristspot.do]}" onto public java.lang.String com.travelmaker.stravel.touristsopt.controller.TouristspotController.moveTouristspotMain()
[16:53:34][INFO ][AbstractHandlerMethodMapping.java:548]: - Mapped "{[/moveTSAdmin.do]}" onto public java.lang.String com.travelmaker.stravel.touristsopt.controller.TouristspotController.moveTouristspotAdminMain()
[16:53:34][INFO ][AbstractHandlerMethodMapping.java:548]: - Mapped "{[/TSWriter.do]}" onto public org.springframework.web.servlet.ModelAndView com.travelmaker.stravel.touristsopt.controller.TouristspotController.moveTouristspotAdminWriter(org.springframework.web.servlet.ModelAndView)
[16:53:34][INFO ][AbstractHandlerMethodMapping.java:548]: - Mapped "{[/TSWriterUpload.do],methods=[POST]}" onto public java.lang.String com.travelmaker.stravel.touristsopt.controller.TouristspotController.insertTouristspot(com.travelmaker.stravel.touristsopt.model.vo.TouristspotVo,org.springframework.web.multipart.MultipartHttpServletRequest,javax.servlet.http.HttpServletRequest)
[16:53:34][INFO ][AbstractHandlerMethodMapping.java:548]: - Mapped "{[/tripboard.do]}" onto public org.springframework.web.servlet.ModelAndView com.travelmaker.stravel.tripBoard.controller.MyTripBoardController.moveTripList(org.springframework.web.servlet.ModelAndView)
[16:53:34][INFO ][AbstractHandlerMethodMapping.java:548]: - Mapped "{[/writetrip.do]}" onto public java.lang.String com.travelmaker.stravel.tripBoard.controller.MyTripBoardController.moveWriteTrip()
[16:53:34][INFO ][AbstractHandlerMethodMapping.java:548]: - Mapped "{[/tripboarddetail.do]}" onto public org.springframework.web.servlet.ModelAndView com.travelmaker.stravel.tripBoard.controller.MyTripBoardController.moveTripBoardDetail(org.springframework.web.servlet.ModelAndView,int)
[16:53:36][INFO ][RequestMappingHandlerAdapter.java:567]: - Looking for @ControllerAdvice: WebApplicationContext for namespace 'appServlet-servlet': startup date [Wed May 29 16:53:31 KST 2019]; parent: Root WebApplicationContext
[16:53:36][INFO ][RequestMappingHandlerAdapter.java:567]: - Looking for @ControllerAdvice: WebApplicationContext for namespace 'appServlet-servlet': startup date [Wed May 29 16:53:31 KST 2019]; parent: Root WebApplicationContext
[16:53:37][INFO ][AbstractUrlHandlerMapping.java:373]: - Mapped URL path [/resources/**] onto handler 'org.springframework.web.servlet.resource.ResourceHttpRequestHandler#0'
[16:53:38][INFO ][FrameworkServlet.java:513]: - FrameworkServlet 'appServlet': initialization completed in 7539 ms
[16:53:43][INFO ][CompanionController.java:85]: - 동행찾기 글 상세보기
[16:56:07][INFO ][AbstractApplicationContext.java:989]: - Closing WebApplicationContext for namespace 'appServlet-servlet': startup date [Wed May 29 16:53:31 KST 2019]; parent: Root WebApplicationContext
[16:56:07][INFO ][AbstractApplicationContext.java:989]: - Closing Root WebApplicationContext: startup date [Wed May 29 16:53:25 KST 2019]; root of context hierarchy
[16:56:35][INFO ][ContextLoader.java:270]: - Root WebApplicationContext: initialization started
[16:56:36][INFO ][AbstractApplicationContext.java:589]: - Refreshing Root WebApplicationContext: startup date [Wed May 29 16:56:36 KST 2019]; root of context hierarchy
[16:56:36][INFO ][XmlBeanDefinitionReader.java:316]: - Loading XML bean definitions from class path resource [root-context.xml]
[16:56:38][INFO ][XmlBeanDefinitionReader.java:316]: - Loading XML bean definitions from ServletContext resource [/WEB-INF/spring/appServlet/spring-security.xml]
[16:56:41][INFO ][ContextLoader.java:310]: - Root WebApplicationContext: initialization completed in 5612 ms
[16:56:41][INFO ][FrameworkServlet.java:494]: - FrameworkServlet 'appServlet': initialization started
[16:56:41][INFO ][AbstractApplicationContext.java:589]: - Refreshing WebApplicationContext for namespace 'appServlet-servlet': startup date [Wed May 29 16:56:41 KST 2019]; parent: Root WebApplicationContext
[16:56:41][INFO ][XmlBeanDefinitionReader.java:316]: - Loading XML bean definitions from ServletContext resource [/WEB-INF/spring/appServlet/servlet-context.xml]
[16:56:43][INFO ][AutowiredAnnotationBeanPostProcessor.java:154]: - JSR-330 'javax.inject.Inject' annotation found and supported for autowiring
[16:56:44][INFO ][AbstractHandlerMethodMapping.java:548]: - Mapped "{[/mycalendar.do]}" onto public java.lang.String com.travelmaker.stravel.calendar.controller.CalendarController.movemyCalendarPage()
[16:56:44][INFO ][AbstractHandlerMethodMapping.java:548]: - Mapped "{[/scalendar.do]}" onto public java.lang.String com.travelmaker.stravel.calendar.controller.CalendarController.movesCalendarPage()
[16:56:44][INFO ][AbstractHandlerMethodMapping.java:548]: - Mapped "{[/searchcalendar.do]}" onto public java.lang.String com.travelmaker.stravel.calendar.controller.CalendarController.moveSearchCalendarPage()
[16:56:44][INFO ][AbstractHandlerMethodMapping.java:548]: - Mapped "{[/upcalendar.do]}" onto public java.lang.String com.travelmaker.stravel.calendar.controller.CalendarController.moveUpCalendarPage()
[16:56:44][INFO ][AbstractHandlerMethodMapping.java:548]: - Mapped "{[/searchlodgment.do]}" onto public java.lang.String com.travelmaker.stravel.calendar.controller.CalendarController.moveSearchLodgmentPage()
[16:56:44][INFO ][AbstractHandlerMethodMapping.java:548]: - Mapped "{[/vcalendar.do]}" onto public java.lang.String com.travelmaker.stravel.calendar.controller.CalendarController.moveViewCalendarPage()
[16:56:44][INFO ][AbstractHandlerMethodMapping.java:548]: - Mapped "{[/qnalist.do]}" onto public java.lang.String com.travelmaker.stravel.calendar.controller.CalendarController.moveFaqListPage()
[16:56:44][INFO ][AbstractHandlerMethodMapping.java:548]: - Mapped "{[/faqlist1.do]}" onto public java.lang.String com.travelmaker.stravel.calendar.controller.CalendarController.moveQnaList1Page()
[16:56:44][INFO ][AbstractHandlerMethodMapping.java:548]: - Mapped "{[/adminMain.do]}" onto public java.lang.String com.travelmaker.stravel.calendar.controller.CalendarController.moveTest()
[16:56:44][INFO ][AbstractHandlerMethodMapping.java:548]: - Mapped "{[/test2.do]}" onto public java.lang.String com.travelmaker.stravel.calendar.controller.CalendarController.moveTest2()
[16:56:44][INFO ][AbstractHandlerMethodMapping.java:548]: - Mapped "{[/faqlist2.do]}" onto public java.lang.String com.travelmaker.stravel.calendar.controller.CalendarController.moveQnaList2Page()
[16:56:44][INFO ][AbstractHandlerMethodMapping.java:548]: - Mapped "{[/faqlist3.do]}" onto public java.lang.String com.travelmaker.stravel.calendar.controller.CalendarController.moveQnaList3Page()
[16:56:44][INFO ][AbstractHandlerMethodMapping.java:548]: - Mapped "{[/comp.do]}" onto public org.springframework.web.servlet.ModelAndView com.travelmaker.stravel.companion.controller.CompanionController.selectCompanionList(org.springframework.web.servlet.ModelAndView,java.lang.Integer)
[16:56:44][INFO ][AbstractHandlerMethodMapping.java:548]: - Mapped "{[/companionReplyList.do],methods=[POST]}" onto public void com.travelmaker.stravel.companion.controller.CompanionController.companionReplyList(javax.servlet.http.HttpServletResponse,int) throws java.io.IOException
[16:56:44][INFO ][AbstractHandlerMethodMapping.java:548]: - Mapped "{[/compreplyupdate.do],methods=[POST]}" onto public java.lang.String com.travelmaker.stravel.companion.controller.CompanionController.updateCompanionReply(com.travelmaker.stravel.companion.model.vo.CompanionReply)
[16:56:44][INFO ][AbstractHandlerMethodMapping.java:548]: - Mapped "{[/compreplydelete.do],methods=[POST]}" onto public java.lang.String com.travelmaker.stravel.companion.controller.CompanionController.deleteCompanionReply(int)
[16:56:44][INFO ][AbstractHandlerMethodMapping.java:548]: - Mapped "{[/compreplyinsert.do],methods=[POST]}" onto public java.lang.String com.travelmaker.stravel.companion.controller.CompanionController.insertCompanionReply(com.travelmaker.stravel.companion.model.vo.CompanionReply)
[16:56:44][INFO ][AbstractHandlerMethodMapping.java:548]: - Mapped "{[/compRereplyinsert.do],methods=[POST]}" onto public java.lang.String com.travelmaker.stravel.companion.controller.CompanionController.insertCompanionRereply(com.travelmaker.stravel.companion.model.vo.CompanionReply)
[16:56:44][INFO ][AbstractHandlerMethodMapping.java:548]: - Mapped "{[/compdetail.do]}" onto public org.springframework.web.servlet.ModelAndView com.travelmaker.stravel.companion.controller.CompanionController.selectCompanion(org.springframework.web.servlet.ModelAndView,int)
[16:56:44][INFO ][AbstractHandlerMethodMapping.java:548]: - Mapped "{[/compwrite.do]}" onto public java.lang.String com.travelmaker.stravel.companion.controller.CompanionController.writeCompanion()
[16:56:44][INFO ][AbstractHandlerMethodMapping.java:548]: - Mapped "{[/compinsert.do],methods=[POST]}" onto public java.lang.String com.travelmaker.stravel.companion.controller.CompanionController.insertCompanion(com.travelmaker.stravel.companion.model.vo.Companion)
[16:56:44][INFO ][AbstractHandlerMethodMapping.java:548]: - Mapped "{[/compupdate.do],methods=[POST]}" onto public java.lang.String com.travelmaker.stravel.companion.controller.CompanionController.updateCompanion(com.travelmaker.stravel.companion.model.vo.Companion)
[16:56:44][INFO ][AbstractHandlerMethodMapping.java:548]: - Mapped "{[/compdelete.do],methods=[POST]}" onto public java.lang.String com.travelmaker.stravel.companion.controller.CompanionController.deleteCompanion(int)
[16:56:44][INFO ][AbstractHandlerMethodMapping.java:548]: - Mapped "{[/main.do],methods=[GET]}" onto public java.lang.String com.travelmaker.stravel.HomeController.home()
[16:56:44][INFO ][AbstractHandlerMethodMapping.java:548]: - Mapped "{[/pay2.do]}" onto public java.lang.String com.travelmaker.stravel.payment.controller.PaymentController.PaymentView2()
[16:56:44][INFO ][AbstractHandlerMethodMapping.java:548]: - Mapped "{[/pay1.do]}" onto public java.lang.String com.travelmaker.stravel.payment.controller.PaymentController.PaymentView1()
[16:56:44][INFO ][AbstractHandlerMethodMapping.java:548]: - Mapped "{[/pay3.do]}" onto public java.lang.String com.travelmaker.stravel.payment.controller.PaymentController.PaymentView3()
[16:56:44][INFO ][AbstractHandlerMethodMapping.java:548]: - Mapped "{[/test.do]}" onto public java.lang.String com.travelmaker.stravel.payment.controller.PaymentController.testPay()
[16:56:44][INFO ][AbstractHandlerMethodMapping.java:548]: - Mapped "{[/paylist.do]}" onto public java.lang.String com.travelmaker.stravel.payment.controller.PaymentController.payList()
[16:56:44][INFO ][AbstractHandlerMethodMapping.java:548]: - Mapped "{[/restaurantlist.do]}" onto public org.springframework.web.servlet.ModelAndView com.travelmaker.stravel.restaurant.controller.RestaurantController.moveRestaurantList(org.springframework.web.servlet.ModelAndView)
[16:56:44][INFO ][AbstractHandlerMethodMapping.java:548]: - Mapped "{[/insertres.do]}" onto public org.springframework.web.servlet.ModelAndView com.travelmaker.stravel.restaurant.controller.RestaurantController.moveInsertRestaurant(org.springframework.web.servlet.ModelAndView)
[16:56:44][INFO ][AbstractHandlerMethodMapping.java:548]: - Mapped "{[/restaurantdetail.do]}" onto public org.springframework.web.servlet.ModelAndView com.travelmaker.stravel.restaurant.controller.RestaurantController.restaurantDetail(org.springframework.web.servlet.ModelAndView,int)
[16:56:44][INFO ][AbstractHandlerMethodMapping.java:548]: - Mapped "{[/insertrestaurant.do],methods=[POST]}" onto public java.lang.String com.travelmaker.stravel.restaurant.controller.RestaurantController.insertRestaurant(com.travelmaker.stravel.restaurant.model.vo.Restaurant,org.springframework.web.multipart.MultipartHttpServletRequest,javax.servlet.http.HttpServletRequest)
[16:56:44][INFO ][AbstractHandlerMethodMapping.java:548]: - Mapped "{[/roomDetail.do]}" onto public java.lang.String com.travelmaker.stravel.room.controller.RoomController.roomDetailView()
[16:56:44][INFO ][AbstractHandlerMethodMapping.java:548]: - Mapped "{[/insertRoom.do]}" onto public java.lang.String com.travelmaker.stravel.room.controller.RoomController.inserRoom()
[16:56:44][INFO ][AbstractHandlerMethodMapping.java:548]: - Mapped "{[/updateRoom.do]}" onto public java.lang.String com.travelmaker.stravel.room.controller.RoomController.updateRoom()
[16:56:44][INFO ][AbstractHandlerMethodMapping.java:548]: - Mapped "{[/oh.do]}" onto public java.lang.String com.travelmaker.stravel.room.controller.RoomController.ohWorkList()
[16:56:44][INFO ][AbstractHandlerMethodMapping.java:548]: - Mapped "{[/ownerMain.do]}" onto public java.lang.String com.travelmaker.stravel.room.controller.RoomController.ownerMain()
[16:56:44][INFO ][AbstractHandlerMethodMapping.java:548]: - Mapped "{[/orderList.do]}" onto public java.lang.String com.travelmaker.stravel.room.controller.RoomController.orderList()
[16:56:44][INFO ][AbstractHandlerMethodMapping.java:548]: - Mapped "{[/updateOwner.do]}" onto public java.lang.String com.travelmaker.stravel.room.controller.RoomController.updateOwner()
[16:56:44][INFO ][AbstractHandlerMethodMapping.java:548]: - Mapped "{[/touristspot.do]}" onto public java.lang.String com.travelmaker.stravel.touristsopt.controller.TouristspotController.moveTouristspotMain()
[16:56:44][INFO ][AbstractHandlerMethodMapping.java:548]: - Mapped "{[/moveTSAdmin.do]}" onto public java.lang.String com.travelmaker.stravel.touristsopt.controller.TouristspotController.moveTouristspotAdminMain()
[16:56:44][INFO ][AbstractHandlerMethodMapping.java:548]: - Mapped "{[/TSWriter.do]}" onto public org.springframework.web.servlet.ModelAndView com.travelmaker.stravel.touristsopt.controller.TouristspotController.moveTouristspotAdminWriter(org.springframework.web.servlet.ModelAndView)
[16:56:44][INFO ][AbstractHandlerMethodMapping.java:548]: - Mapped "{[/TSWriterUpload.do],methods=[POST]}" onto public java.lang.String com.travelmaker.stravel.touristsopt.controller.TouristspotController.insertTouristspot(com.travelmaker.stravel.touristsopt.model.vo.TouristspotVo,org.springframework.web.multipart.MultipartHttpServletRequest,javax.servlet.http.HttpServletRequest)
[16:56:44][INFO ][AbstractHandlerMethodMapping.java:548]: - Mapped "{[/sampMap.do]}" onto public java.lang.String com.travelmaker.stravel.touristsopt.controller.TouristspotController.moveSampMap()
[16:56:44][INFO ][AbstractHandlerMethodMapping.java:548]: - Mapped "{[/sampMap2.do]}" onto public java.lang.String com.travelmaker.stravel.touristsopt.controller.TouristspotController.moveSampMap2()
[16:56:44][INFO ][AbstractHandlerMethodMapping.java:548]: - Mapped "{[/tripboarddetail.do]}" onto public org.springframework.web.servlet.ModelAndView com.travelmaker.stravel.tripBoard.controller.MyTripBoardController.moveTripBoardDetail(org.springframework.web.servlet.ModelAndView,int)
[16:56:44][INFO ][AbstractHandlerMethodMapping.java:548]: - Mapped "{[/tripboard.do]}" onto public org.springframework.web.servlet.ModelAndView com.travelmaker.stravel.tripBoard.controller.MyTripBoardController.moveTripList(org.springframework.web.servlet.ModelAndView)
[16:56:44][INFO ][AbstractHandlerMethodMapping.java:548]: - Mapped "{[/writetrip.do]}" onto public java.lang.String com.travelmaker.stravel.tripBoard.controller.MyTripBoardController.moveWriteTrip()
[16:56:46][INFO ][RequestMappingHandlerAdapter.java:567]: - Looking for @ControllerAdvice: WebApplicationContext for namespace 'appServlet-servlet': startup date [Wed May 29 16:56:41 KST 2019]; parent: Root WebApplicationContext
[16:56:47][INFO ][RequestMappingHandlerAdapter.java:567]: - Looking for @ControllerAdvice: WebApplicationContext for namespace 'appServlet-servlet': startup date [Wed May 29 16:56:41 KST 2019]; parent: Root WebApplicationContext
[16:56:47][INFO ][AbstractUrlHandlerMapping.java:373]: - Mapped URL path [/resources/**] onto handler 'org.springframework.web.servlet.resource.ResourceHttpRequestHandler#0'
[16:56:49][INFO ][FrameworkServlet.java:513]: - FrameworkServlet 'appServlet': initialization completed in 7543 ms
[16:56:52][INFO ][CompanionController.java:85]: - 동행찾기 글 상세보기
[16:57:51][INFO ][CompanionController.java:85]: - 동행찾기 글 상세보기
[16:57:55][INFO ][CompanionController.java:85]: - 동행찾기 글 상세보기
[16:58:00][INFO ][CompanionController.java:85]: - 동행찾기 글 상세보기
[16:58:38][INFO ][CompanionController.java:85]: - 동행찾기 글 상세보기
